2022-06-03 18:45:33 [<module>] INFO: /home/drakon/Documents/PROJETOS/ptax/new/api
2022-06-03 18:45:33 [<module>] INFO: Initializing...
2022-06-03 18:45:33 [start] INFO: Accessing the central bank website.
2022-06-03 18:45:34 [_get_ptax_source] INFO: Quotes found.
2022-06-03 18:45:34 [_parser_quotes] INFO: Parsing data.
2022-06-03 18:45:34 [format_content_post] INFO: Formatting the data.
2022-06-03 18:45:34 [tweetAboutIt] INFO: Preparing to post a new tweet.
2022-06-03 18:45:35 [tweetAboutIt] INFO: Successfully tweeted
2022-06-03 19:09:04 [<module>] INFO: Initializing...
2022-06-03 19:09:04 [start] INFO: Accessing the central bank website.
2022-06-03 19:09:04 [_get_ptax_source] INFO: Quotes found.
2022-06-03 19:09:04 [_parser_quotes] INFO: Parsing data.
2022-06-03 19:09:04 [format_content_post] INFO: Formatting the data.
2022-06-03 19:09:04 [tweetAboutIt] INFO: Preparing to post a new tweet.
2022-06-03 19:09:06 [tweetAboutIt] INFO: Successfully tweeted
2022-06-03 19:09:06 [tweetAboutIt] INFO: Tweet ID: 1532846864130883590
2022-06-04 10:06:42 [<module>] INFO: Initializing...
2022-06-04 10:06:42 [start] INFO: Accessing the central bank website.
2022-06-04 10:06:42 [_get_ptax_source] INFO: There are no quotes for that date.
2022-06-04 10:07:21 [<module>] INFO: Initializing...
2022-06-04 10:07:21 [start] INFO: Accessing the central bank website.
2022-06-04 10:07:21 [_get_ptax_source] INFO: There are no quotes for that date.
2022-06-04 10:07:47 [<module>] INFO: Initializing...
2022-06-04 10:07:47 [start] INFO: Accessing the central bank website.
2022-06-04 10:07:47 [_get_ptax_source] INFO: There are no quotes for that date.
2022-06-04 10:11:29 [<module>] INFO: Initializing...
2022-06-04 10:11:29 [start] INFO: Accessing the central bank website.
2022-06-04 10:11:29 [start] ERROR: An error occurred when trying to access the central bank website. Code: 500
2022-06-04 10:11:29 [start] ERROR: https://ptax.bcb.gov.br/ptax_internet/consultaBoletim.do?method=exibeFormularioConsultaBoleti
2022-06-04 10:14:19 [<module>] INFO: Initializing...
2022-06-04 10:14:19 [start] INFO: Accessing the central bank website.
2022-06-04 10:14:20 [_get_ptax_source] INFO: There are no quotes for that date.
2022-06-04 10:56:13 [<module>] INFO: Initializing...
2022-06-04 10:56:13 [start] INFO: Accessing the central bank website.
2022-06-04 10:56:13 [_get_ptax_source] INFO: Quotes found.
2022-06-04 10:56:13 [_parser_quotes] INFO: Parsing data.
2022-06-04 10:56:13 [format_content_post] INFO: Formatting the data.
2022-06-04 10:56:13 [tweetAboutIt] INFO: Preparing to post a new tweet.
2022-06-04 10:56:13 [tweetAboutIt] INFO: Successfully tweeted
2022-06-04 10:56:13 [tweetAboutIt] INFO: Tweet ID: 1533085217514213376
2022-06-04 10:57:13 [<module>] INFO: Initializing...
2022-06-04 10:57:13 [start] INFO: Accessing the central bank website.
2022-06-04 10:57:13 [_get_ptax_source] INFO: Quotes found.
2022-06-04 10:57:13 [_parser_quotes] INFO: Parsing data.
2022-06-04 10:57:13 [format_content_post] INFO: Formatting the data.
2022-06-04 10:57:13 [tweetAboutIt] INFO: Preparing to post a new tweet.
2022-06-04 10:57:14 [tweetAboutIt] INFO: Successfully tweeted
2022-06-04 10:57:14 [tweetAboutIt] INFO: Tweet ID: 1533085469390553089
2022-06-04 10:57:14 [tweetAboutIt] ERROR: Error: Cannot save file into a non-existent directory: '../logs'
2022-06-04 10:57:46 [<module>] INFO: Initializing...
2022-06-04 10:57:46 [start] INFO: Accessing the central bank website.
2022-06-04 10:57:46 [_get_ptax_source] INFO: Quotes found.
2022-06-04 10:57:46 [_parser_quotes] INFO: Parsing data.
2022-06-04 10:57:46 [format_content_post] INFO: Formatting the data.
2022-06-04 10:57:46 [tweetAboutIt] INFO: Preparing to post a new tweet.
2022-06-04 10:57:47 [tweetAboutIt] INFO: Successfully tweeted
2022-06-04 10:57:47 [tweetAboutIt] INFO: Tweet ID: 1533085610008788995
2022-06-04 10:58:47 [<module>] INFO: Initializing...
2022-06-04 10:58:47 [start] INFO: Accessing the central bank website.
2022-06-04 10:58:47 [_get_ptax_source] INFO: Quotes found.
2022-06-04 10:58:47 [_parser_quotes] INFO: Parsing data.
2022-06-04 10:58:47 [format_content_post] INFO: Formatting the data.
2022-06-04 10:58:47 [tweetAboutIt] INFO: Preparing to post a new tweet.
2022-06-04 10:58:48 [tweetAboutIt] INFO: Successfully tweeted
2022-06-04 10:58:48 [tweetAboutIt] INFO: Tweet ID: 1533085865936830468
2022-06-04 12:04:11 [<module>] INFO: Initializing...
2022-06-04 12:04:11 [start] INFO: Accessing the central bank website.
2022-06-04 12:04:11 [_get_ptax_source] INFO: Quotes found.
2022-06-04 12:04:11 [_parser_quotes] INFO: Parsing data.
